<?xml version="1.0" encoding="UTF-8"?>
<!-- Generated by org.testng.reporters.JUnitReportReporter -->
<testsuite hostname="Akshay" failures="0" tests="4" name="com.TutorialNinja.TestCases.Register" time="29.143" errors="0" timestamp="2024-07-16T20:49:35 IST" skipped="0">
  <testcase classname="com.TutorialNinja.TestCases.Register" name="verifyRegisteringAnAccountWithMandatoryFields" time="9.763"/>
  <system-out/>
  <testcase classname="com.TutorialNinja.TestCases.Register" name="verifyRegisteringAnAccountWithProvidingAllFields" time="4.439"/>
  <system-out/>
  <testcase classname="com.TutorialNinja.TestCases.Register" name="verifyRegisteringAccountWithAlreadyExistingEmail" time="6.296"/>
  <system-out/>
  <testcase classname="com.TutorialNinja.TestCases.Register" name="verifyRegisteringAnAccountWithoutProvidingAnyFields" time="8.645"/>
  <system-out/>
</testsuite> <!-- com.TutorialNinja.TestCases.Register -->
