<?xml version="1.0" encoding="UTF-8"?>
<!-- Generated by org.testng.reporters.JUnitReportReporter -->
<testsuite hostname="Akshay" failures="0" tests="3" name="com.TutorialNinja.TestCases.Search" time="15.061" errors="0" timestamp="2024-07-16T20:49:35 IST" skipped="0">
  <testcase classname="com.TutorialNinja.TestCases.Search" name="verifySearchingWithExistingProductName" time="7.007"/>
  <system-out/>
  <testcase classname="com.TutorialNinja.TestCases.Search" name="verifySearchingWithNonExistingProductName" time="3.869"/>
  <system-out/>
  <testcase classname="com.TutorialNinja.TestCases.Search" name="verifySearchingWithoutGivingAnyProductName" time="4.185"/>
  <system-out/>
</testsuite> <!-- com.TutorialNinja.TestCases.Search -->
