<?xml version="1.0" encoding="UTF-8"?>
<!-- Generated by org.testng.reporters.JUnitReportReporter -->
<testsuite hostname="Akshay" failures="0" tests="3" name="com.TutorialNinja.TestCases.SearchTest" time="13.871" errors="0" timestamp="2024-07-16T21:14:32 IST" skipped="0">
  <testcase classname="com.TutorialNinja.TestCases.SearchTest" name="verifySearchingWithExistingProductName" time="5.902"/>
  <testcase classname="com.TutorialNinja.TestCases.SearchTest" name="verifySearchingWithNonExistingProductName" time="4.805"/>
  <testcase classname="com.TutorialNinja.TestCases.SearchTest" name="verifySearchingWithoutGivingAnyProductName" time="3.164"/>
</testsuite> <!-- com.TutorialNinja.TestCases.SearchTest -->
