<?xml version="1.0" encoding="UTF-8"?>
<!-- Generated by org.testng.reporters.JUnitReportReporter -->
<testsuite hostname="Akshay" failures="0" tests="4" name="com.TutorialNinja.TestCases.RegisterTest" time="24.776" errors="0" timestamp="2024-07-16T21:14:32 IST" skipped="0">
  <testcase classname="com.TutorialNinja.TestCases.RegisterTest" name="verifyRegisteringAnAccountWithMandatoryFields" time="5.953"/>
  <testcase classname="com.TutorialNinja.TestCases.RegisterTest" name="verifyRegisteringAnAccountWithProvidingAllFields" time="8.349"/>
  <testcase classname="com.TutorialNinja.TestCases.RegisterTest" name="verifyRegisteringAccountWithAlreadyExistingEmail" time="4.529"/>
  <testcase classname="com.TutorialNinja.TestCases.RegisterTest" name="verifyRegisteringAnAccountWithoutProvidingAnyFields" time="5.945"/>
</testsuite> <!-- com.TutorialNinja.TestCases.RegisterTest -->
